2020-04-18 11:23:06,402 - root - INFO - www.51cto.com:20,port status is:['关闭']
2020-04-18 11:23:07,529 - root - INFO - www.51cto.com:21,port status is:['关闭']
2020-04-18 11:23:08,654 - root - INFO - www.51cto.com:22,port status is:['关闭']
2020-04-18 11:23:09,760 - root - INFO - www.51cto.com:23,port status is:['关闭']
2020-04-18 11:23:10,886 - root - INFO - www.51cto.com:24,port status is:['关闭']
2020-04-18 11:24:50,087 - root - INFO - www.51cto.com:20,port status is:['关闭']
2020-04-18 11:24:51,195 - root - INFO - www.51cto.com:21,port status is:['关闭']
2020-04-18 11:24:52,305 - root - INFO - www.51cto.com:22,port status is:['关闭']
2020-04-18 11:24:53,414 - root - INFO - www.51cto.com:23,port status is:['关闭']
2020-04-18 11:24:54,538 - root - INFO - www.51cto.com:24,port status is:['关闭']
2020-04-18 11:24:55,665 - root - INFO - www.51cto.com:25,port status is:['关闭']
2020-04-18 11:25:00,688 - root - INFO - www.anchnet.com:20,port status is:['关闭']
2020-04-18 11:25:05,723 - root - INFO - www.anchnet.com:21,port status is:['关闭']
2020-04-18 11:25:10,751 - root - INFO - www.anchnet.com:22,port status is:['关闭']
2020-04-18 11:25:15,785 - root - INFO - www.anchnet.com:23,port status is:['关闭']
2020-04-18 11:25:20,795 - root - INFO - www.anchnet.com:24,port status is:['关闭']
2020-04-18 11:25:25,812 - root - INFO - www.anchnet.com:25,port status is:['关闭']
2020-04-18 11:25:25,940 - root - INFO - www.51cto.com:80,port status is:['开启']
2020-04-18 11:25:25,999 - root - INFO - www.51cto.com:443,port status is:['开启']
2020-04-18 11:25:27,142 - root - INFO - www.51cto.com:1433,port status is:['关闭']
2020-04-18 11:25:28,352 - root - INFO - www.51cto.com:1521,port status is:['关闭']
2020-04-18 11:25:29,465 - root - INFO - www.51cto.com:3306,port status is:['关闭']
2020-04-18 11:25:30,592 - root - INFO - www.51cto.com:3389,port status is:['关闭']
2020-04-18 11:25:31,719 - root - INFO - www.51cto.com:6379,port status is:['关闭']
2020-04-18 11:25:31,775 - root - INFO - www.51cto.com:8080,port status is:['开启']
2020-04-18 11:25:32,895 - root - INFO - www.51cto.com:27017,port status is:['关闭']
2020-04-18 11:25:32,996 - root - INFO - www.anchnet.com:80,port status is:['开启']
2020-04-18 11:25:33,062 - root - INFO - www.anchnet.com:443,port status is:['开启']
2020-04-18 11:25:38,113 - root - INFO - www.anchnet.com:1433,port status is:['关闭']
2020-04-18 11:26:18,061 - root - INFO - www.moguyun.com:20,port status is:['关闭']
2020-04-18 11:26:23,085 - root - INFO - www.moguyun.com:21,port status is:['关闭']
2020-04-18 11:26:23,181 - root - INFO - www.moguyun.com:22,port status is:['开启']
2020-04-18 11:26:28,194 - root - INFO - www.moguyun.com:23,port status is:['关闭']
2020-04-18 11:26:33,214 - root - INFO - www.moguyun.com:24,port status is:['关闭']
2020-04-18 11:26:38,241 - root - INFO - www.moguyun.com:25,port status is:['关闭']
2020-04-18 11:26:39,408 - root - INFO - www.51cto.com:20,port status is:['关闭']
2020-04-18 11:26:40,520 - root - INFO - www.51cto.com:21,port status is:['关闭']
2020-04-18 11:26:41,643 - root - INFO - www.51cto.com:22,port status is:['关闭']
2020-04-18 11:26:42,757 - root - INFO - www.51cto.com:23,port status is:['关闭']
2020-04-18 11:26:43,878 - root - INFO - www.51cto.com:24,port status is:['关闭']
2020-04-18 11:26:44,991 - root - INFO - www.51cto.com:25,port status is:['关闭']
2020-04-18 11:26:50,008 - root - INFO - www.anchnet.com:20,port status is:['关闭']
2020-04-18 11:26:55,026 - root - INFO - www.anchnet.com:21,port status is:['关闭']
2020-04-18 11:27:00,072 - root - INFO - www.anchnet.com:22,port status is:['关闭']
